Initialize engine version: 5.5.1f1 (88d00a7498cd)
GfxDevice: creating device client; threaded=1
Direct3D:
    Version:  Direct3D 11.0 [level 11.1]
    Renderer: NVIDIA GeForce GTX 970M (ID=0x13d8)
    Vendor:   NVIDIA
    VRAM:     3040 MB
    Driver:   20.19.15.4531
Begin MonoManager ReloadAssembly
Platform assembly: C:\VR\workers\unity\build\worker\UnityClient@Windows\UnityClient@Windows_Data\Managed\UnityEngine.dll (this message is harmless)
Loading C:\VR\workers\unity\build\worker\UnityClient@Windows\UnityClient@Windows_Data\Managed\UnityEngine.dll into Unity Child Domain
Platform assembly: C:\VR\workers\unity\build\worker\UnityClient@Windows\UnityClient@Windows_Data\Managed\Assembly-CSharp.dll (this message is harmless)
Loading C:\VR\workers\unity\build\worker\UnityClient@Windows\UnityClient@Windows_Data\Managed\Assembly-CSharp.dll into Unity Child Domain
Platform assembly: C:\VR\workers\unity\build\worker\UnityClient@Windows\UnityClient@Windows_Data\Managed\UnityEngine.UI.dll (this message is harmless)
Loading C:\VR\workers\unity\build\worker\UnityClient@Windows\UnityClient@Windows_Data\Managed\UnityEngine.UI.dll into Unity Child Domain
Platform assembly: C:\VR\workers\unity\build\worker\UnityClient@Windows\UnityClient@Windows_Data\Managed\UnityEngine.Networking.dll (this message is harmless)
Loading C:\VR\workers\unity\build\worker\UnityClient@Windows\UnityClient@Windows_Data\Managed\UnityEngine.Networking.dll into Unity Child Domain
Platform assembly: C:\VR\workers\unity\build\worker\UnityClient@Windows\UnityClient@Windows_Data\Managed\UnityEngine.PlaymodeTestsRunner.dll (this message is harmless)
Loading C:\VR\workers\unity\build\worker\UnityClient@Windows\UnityClient@Windows_Data\Managed\UnityEngine.PlaymodeTestsRunner.dll into Unity Child Domain
Platform assembly: C:\VR\workers\unity\build\worker\UnityClient@Windows\UnityClient@Windows_Data\Managed\UnityEngine.VR.dll (this message is harmless)
Loading C:\VR\workers\unity\build\worker\UnityClient@Windows\UnityClient@Windows_Data\Managed\UnityEngine.VR.dll into Unity Child Domain
Platform assembly: C:\VR\workers\unity\build\worker\UnityClient@Windows\UnityClient@Windows_Data\Managed\Generated.Code.dll (this message is harmless)
Loading C:\VR\workers\unity\build\worker\UnityClient@Windows\UnityClient@Windows_Data\Managed\Generated.Code.dll into Unity Child Domain
Platform assembly: C:\VR\workers\unity\build\worker\UnityClient@Windows\UnityClient@Windows_Data\Managed\Improbable.WorkerSdkCsharp.dll (this message is harmless)
Loading C:\VR\workers\unity\build\worker\UnityClient@Windows\UnityClient@Windows_Data\Managed\Improbable.WorkerSdkCsharp.dll into Unity Child Domain
Platform assembly: C:\VR\workers\unity\build\worker\UnityClient@Windows\UnityClient@Windows_Data\Managed\Improbable.WorkerSdkCsharp.Framework.dll (this message is harmless)
Loading C:\VR\workers\unity\build\worker\UnityClient@Windows\UnityClient@Windows_Data\Managed\Improbable.WorkerSdkCsharp.Framework.dll into Unity Child Domain
Platform assembly: C:\VR\workers\unity\build\worker\UnityClient@Windows\UnityClient@Windows_Data\Managed\log4net.dll (this message is harmless)
Loading C:\VR\workers\unity\build\worker\UnityClient@Windows\UnityClient@Windows_Data\Managed\log4net.dll into Unity Child Domain
Platform assembly: C:\VR\workers\unity\build\worker\UnityClient@Windows\UnityClient@Windows_Data\Managed\Newtonsoft.Json.dll (this message is harmless)
Loading C:\VR\workers\unity\build\worker\UnityClient@Windows\UnityClient@Windows_Data\Managed\Newtonsoft.Json.dll into Unity Child Domain
Platform assembly: C:\VR\workers\unity\build\worker\UnityClient@Windows\UnityClient@Windows_Data\Managed\protobuf-net.dll (this message is harmless)
Loading C:\VR\workers\unity\build\worker\UnityClient@Windows\UnityClient@Windows_Data\Managed\protobuf-net.dll into Unity Child Domain
Platform assembly: C:\VR\workers\unity\build\worker\UnityClient@Windows\UnityClient@Windows_Data\Managed\System.Threading.dll (this message is harmless)
Loading C:\VR\workers\unity\build\worker\UnityClient@Windows\UnityClient@Windows_Data\Managed\System.Threading.dll into Unity Child Domain
- Completed reload, in  0.040 seconds
Platform assembly: C:\VR\workers\unity\build\worker\UnityClient@Windows\UnityClient@Windows_Data\Managed\System.Core.dll (this message is harmless)
Platform assembly: C:\VR\workers\unity\build\worker\UnityClient@Windows\UnityClient@Windows_Data\Managed\System.dll (this message is harmless)
Platform assembly: C:\VR\workers\unity\build\worker\UnityClient@Windows\UnityClient@Windows_Data\Managed\System.Xml.dll (this message is harmless)
<RI> Initializing input.
<RI> Input initialized.
desktop: 3200x1800 60Hz; virtual: 12060x2700 at 0,0
<RI> Initialized touch support.
OpenVR initialized!
 
(Filename:  Line: 381)

UnloadTime: 1.708506 ms
Connected to lighthouse:LHR-0A80CF2C
 
(Filename: C:/buildslave/unity/build/artifacts/generated/common/runtime/DebugBindings.gen.cpp Line: 51)

Command line build/worker/UnityClient@Windows/UnityClient@Windows.exe +assemblyName local_assembly +engineType UnityClient +infraServicesUrl http://127.0.0.1:21000 +appName lofi -logfile external-default-client.log
 
(Filename: C:/buildslave/unity/build/artifacts/generated/common/runtime/DebugBindings.gen.cpp Line: 51)

WorkerConfiguration settings
AppName = lofi
AssemblyName = local_assembly
DeploymentId = 
DeploymentTag = prod
EngineId = UnityClient071528e3-29be-4a19-bb08-9f9eea8cdece
EnginePlatform = Client
EntityCreationLimitPerFrame = 100
InfraServiceUrl = http://127.0.0.1:21000
Ip = 127.0.0.1
LinkProtocol = RakNet
Log4NetConfigXml = log4net-default.xml
LoginToken = 
MetaData = {  }
Port = 7777
ProtocolLoggingOnStartup = False
ProtocolLogPrefix = protocol-
ProtocolLogMaxFileBytes = 104857600
RaknetHeartbeatTimeoutMillis = 60000
ReceiveQueueCapacity = 32768
SendQueueCapacity = 16384
ShowDebugTraces = False
SteamToken = 
TcpMultiplexLevel = 32
UseInstrumentation = True
UsePerInstanceAssetCache = True
UsePrefabPooling = False

 
(Filename: C:/buildslave/unity/build/artifacts/generated/common/runtime/DebugBindings.gen.cpp Line: 51)

Platform assembly: C:\VR\workers\unity\build\worker\UnityClient@Windows\UnityClient@Windows_Data\Managed\System.Configuration.dll (this message is harmless)
ClientMetrics OS=Windows 10  (10.0.0) 64bit.
Processor: type Intel(R) Core(TM) i7-4720HQ CPU @ 2.60GHz, cores 8.
Graphics: id 5080, vendor 4318, name NVIDIA GeForce GTX 970M, size 3040.
Memory: 16304.
 
(Filename: C:/buildslave/unity/build/artifacts/generated/common/runtime/DebugBindings.gen.cpp Line: 51)

Platform assembly: C:\VR\workers\unity\build\worker\UnityClient@Windows\UnityClient@Windows_Data\Managed\System.Runtime.Serialization.dll (this message is harmless)
Platform assembly: C:\VR\workers\unity\build\worker\UnityClient@Windows\UnityClient@Windows_Data\Managed\System.Xml.Linq.dll (this message is harmless)
Platform assembly: C:\VR\workers\unity\build\worker\UnityClient@Windows\UnityClient@Windows_Data\Managed\System.Data.dll (this message is harmless)
Platform assembly: C:\VR\workers\unity\build\worker\UnityClient@Windows\UnityClient@Windows_Data\Managed\System.Transactions.dll (this message is harmless)
Platform assembly: C:\VR\workers\unity\build\worker\UnityClient@Windows\UnityClient@Windows_Data\Managed\Mono.Data.Tds.dll (this message is harmless)
Platform assembly: C:\VR\workers\unity\build\worker\UnityClient@Windows\UnityClient@Windows_Data\Managed\Mono.Security.dll (this message is harmless)
Platform assembly: C:\VR\workers\unity\build\worker\UnityClient@Windows\UnityClient@Windows_Data\Managed\System.ServiceModel.dll (this message is harmless)
Setting up 2 worker threads for Enlighten.
  Thread -> id: 1f38 -> priority: 1 
  Thread -> id: 1fb8 -> priority: 1 
Bootstrap connected to SpatialOS...
 
(Filename: C:/buildslave/unity/build/artifacts/generated/common/runtime/DebugBindings.gen.cpp Line: 51)

Trying to spawn...
 
(Filename: C:/buildslave/unity/build/artifacts/generated/common/runtime/DebugBindings.gen.cpp Line: 51)

Platform assembly: C:\VR\workers\unity\build\worker\UnityClient@Windows\UnityClient@Windows_Data\Managed\System.Web.dll (this message is harmless)
Platform assembly: C:\VR\workers\unity\build\worker\UnityClient@Windows\UnityClient@Windows_Data\Managed\System.IdentityModel.dll (this message is harmless)
Platform assembly: C:\VR\workers\unity\build\worker\UnityClient@Windows\UnityClient@Windows_Data\Managed\System.Security.dll (this message is harmless)
Platform assembly: C:\VR\workers\unity\build\worker\UnityClient@Windows\UnityClient@Windows_Data\Managed\System.Messaging.dll (this message is harmless)
Platform assembly: C:\VR\workers\unity\build\worker\UnityClient@Windows\UnityClient@Windows_Data\Managed\System.Web.Services.dll (this message is harmless)
success
 
(Filename: C:/buildslave/unity/build/artifacts/generated/common/runtime/DebugBindings.gen.cpp Line: 51)

OpenVR Shutdown
 
(Filename:  Line: 815)

